#
# A fatal error has been detected by the Java Runtime Environment:
#
#  EXCEPTION_ACCESS_VIOLATION (0xc0000005) at pc=0x00007ffcc817e014, pid=14112, tid=9968
#
# JRE version: OpenJDK Runtime Environment Temurin-17.0.5+8 (17.0.5+8) (build 17.0.5+8)
# Java VM: OpenJDK 64-Bit Server VM Temurin-17.0.5+8 (17.0.5+8, mixed mode, tiered, compressed oops, compressed class ptrs, g1 gc, windows-amd64)
# Problematic frame:
# V  [jvm.dll+0x1be014]
#
# No core dump will be written. Minidumps are not enabled by default on client versions of Windows
#
# If you would like to submit a bug report, please visit:
#   https://github.com/adoptium/adoptium-support/issues
#

---------------  S U M M A R Y ------------

Command Line: -Dcom.sun.management.jmxremote -Dcom.sun.management.jmxremote.port=53985 -Dcom.sun.management.jmxremote.authenticate=false -Dcom.sun.management.jmxremote.ssl=false -Dspring.jmx.enabled=true -Djava.rmi.server.hostname=localhost -Dspring.application.admin.enabled=true -Dspring.boot.project.name=devblog -XX:+ShowCodeDetailsInExceptionMessages br.com.devblog.DevblogApplication

Host: Intel(R) Core(TM) i5-2520M CPU @ 2.50GHz, 4 cores, 5G,  Windows 10 , 64 bit Build 19041 (10.0.19041.2364)
Time: Tue Dec 20 18:47:52 2022 Hora oficial do Brasil elapsed time: 19.799172 seconds (0d 0h 0m 19s)

---------------  T H R E A D  ---------------

Current thread (0x0000014e13abc040):  JavaThread "C2 CompilerThread1" daemon [_thread_in_native, id=9968, stack(0x0000001b5da00000,0x0000001b5db00000)]


Current CompileTask:
C2:  19799 5061   !   4       org.springframework.core.annotation.AnnotationsScanner::processMethodHierarchy (276 bytes)

Stack: [0x0000001b5da00000,0x0000001b5db00000],  sp=0x0000001b5dafbba8,  free space=1006k
Native frames: (J=compiled Java code, j=interpreted, Vv=VM code, C=native code)
V  [jvm.dll+0x1be014]


siginfo: EXCEPTION_ACCESS_VIOLATION (0xc0000005), reading address 0xffffffffffffffff


Register to memory mapping:

RIP=0x00007ffcc817e014 jvm.dll
RAX=0x0080014e1897cad8 is an unknown value
RBX=0x0000014e1b55db88 points into unknown readable memory: 0x00007ffcc88d3598 | 98 35 8d c8 fc 7f 00 00
RCX=0x0000014e1ac8be98 points into unknown readable memory: 0x00007ffcc88ec718 | 18 c7 8e c8 fc 7f 00 00
RDX=0x0000000000100ff0 is an unknown value
RSP=0x0000001b5dafbba8 is pointing into the stack for thread: 0x0000014e13abc040
RBP=0x0000000000001433 is an unknown value
RSI=0x000000000000027b is an unknown value
RDI=0x00000000000de310 is an unknown value
R8 =0x0000014e1b55db88 points into unknown readable memory: 0x00007ffcc88d3598 | 98 35 8d c8 fc 7f 00 00
R9 =0x0 is NULL
R10=0x0000014e1576a520 points into unknown readable memory: 0x00007ffcc8b27db8 | b8 7d b2 c8 fc 7f 00 00
R11=0x0000014e1ac8be98 points into unknown readable memory: 0x00007ffcc88ec718 | 18 c7 8e c8 fc 7f 00 00
R12=0x000000000000027b is an unknown value
R13=0x0000014e1c4d4d70 points into unknown readable memory: 0x0000014e164bf1f0 | f0 f1 4b 16 4e 01 00 00
R14=0x000000000000027b is an unknown value
R15=0x0000014e1c4d3820 points into unknown readable memory: 0x0000014e164bf1f0 | f0 f1 4b 16 4e 01 00 00


Registers:
RAX=0x0080014e1897cad8, RBX=0x0000014e1b55db88, RCX=0x0000014e1ac8be98, RDX=0x0000000000100ff0
RSP=0x0000001b5dafbba8, RBP=0x0000000000001433, RSI=0x000000000000027b, RDI=0x00000000000de310
R8 =0x0000014e1b55db88, R9 =0x0000000000000000, R10=0x0000014e1576a520, R11=0x0000014e1ac8be98
R12=0x000000000000027b, R13=0x0000014e1c4d4d70, R14=0x000000000000027b, R15=0x0000014e1c4d3820
RIP=0x00007ffcc817e014, EFLAGS=0x0000000000010246

Top of Stack: (sp=0x0000001b5dafbba8)
0x0000001b5dafbba8:   00007ffcc86605e3 00000000000de310
0x0000001b5dafbbb8:   0000000000000002 0000000000001433
0x0000001b5dafbbc8:   0000014e18db8640 0000014e1c4d4d70
0x0000001b5dafbbd8:   0000014e1c4d3820 0000000000000001
0x0000001b5dafbbe8:   0000000000000000 0000014e1c4d3820
0x0000001b5dafbbf8:   0000014e18db8640 0000014e1ac8be98
0x0000001b5dafbc08:   00007ffc00000080 0000014e18a677c0
0x0000001b5dafbc18:   0000014e1b55db88 000000000000064e
0x0000001b5dafbc28:   0000014e16768d70 0000014e1b2ed3b0
0x0000001b5dafbc38:   0000014e1acf0080 0000014e1acf3a80
0x0000001b5dafbc48:   0000014e173a58b0 0000014e15b95780
0x0000001b5dafbc58:   0000014e15b95750 0000014e164bf1f0
0x0000001b5dafbc68:   0000014e1acf0030 0000014e1acf0080
0x0000001b5dafbc78:   0000014e1acf8018 000000000030c7f0
0x0000001b5dafbc88:   0000014e17e7f9b0 0000000000003fa3
0x0000001b5dafbc98:   0000000000000000 000000000000752f 

Instructions: (pc=0x00007ffcc817e014)
0x00007ffcc817df14:   4c 8b 7c 24 58 4c 8b 74 24 60 4c 8b 6c 24 68 4c
0x00007ffcc817df24:   8b 64 24 70 48 8b 6c 24 78 33 ff 39 be e0 00 00
0x00007ffcc817df34:   00 0f 86 8a 00 00 00 0f 1f 44 00 00 8b c7 48 69
0x00007ffcc817df44:   d8 b0 00 00 00 48 8b 46 70 48 03 58 20 0f b7 83
0x00007ffcc817df54:   9c 00 00 00 83 f8 01 76 17 f7 83 a8 00 00 00 00
0x00007ffcc817df64:   02 00 00 75 0b 8b d0 48 8d 4b 38 e8 0c 76 50 00
0x00007ffcc817df74:   48 83 bb 88 00 00 00 00 7d 07 b8 ff ff 0f 00 eb
0x00007ffcc817df84:   09 48 8d 4b 38 e8 f2 74 50 00 0f b7 8b 9c 00 00
0x00007ffcc817df94:   00 3b c1 89 83 98 00 00 00 79 11 81 8b a8 00 00
0x00007ffcc817dfa4:   00 80 00 00 00 c7 43 30 2f 75 00 00 ff c7 c7 43
0x00007ffcc817dfb4:   34 00 00 00 00 3b be e0 00 00 00 0f 82 7b ff ff
0x00007ffcc817dfc4:   ff 48 81 c4 80 00 00 00 5f 5e 5b c3 a9 db 1b 00
0x00007ffcc817dfd4:   3b dc 1b 00 a9 db 1b 00 a9 db 1b 00 26 db 1b 00
0x00007ffcc817dfe4:   a9 db 1b 00 69 db 1b 00 69 db 1b 00 ed db 1b 00
0x00007ffcc817dff4:   a9 db 1b 00 c1 db 1b 00 d7 db 1b 00 ed db 1b 00
0x00007ffcc817e004:   03 dc 1b 00 c1 db 1b 00 a9 db 1b 00 48 8b 41 58
0x00007ffcc817e014:   48 63 48 10 48 8d 05 55 4f 95 00 48 c1 e1 05 8b
0x00007ffcc817e024:   04 01 c3 cc cc cc cc cc cc cc cc cc 40 53 48 83
0x00007ffcc817e034:   ec 20 48 8b d9 85 d2 75 08 32 c0 48 83 c4 20 5b
0x00007ffcc817e044:   c3 48 8b 43 08 8b ca 48 c1 e9 08 48 89 7c 24 30
0x00007ffcc817e054:   8b fa 4c 8b 04 c8 48 8d 05 57 9d 9a 00 4c 3b c0
0x00007ffcc817e064:   75 0b 48 8b cb e8 a2 9d 1a 00 4c 8b c0 40 0f b6
0x00007ffcc817e074:   cf ba 01 00 00 00 48 c1 ef 06 80 e1 3f 83 e7 03
0x00007ffcc817e084:   48 d3 e2 49 8b 0c f8 48 8b c1 48 0b c2 49 89 04
0x00007ffcc817e094:   f8 48 8b 7c 24 30 48 23 ca 75 02 ff 03 48 85 c9
0x00007ffcc817e0a4:   0f 94 c0 48 83 c4 20 5b c3 cc cc cc 44 8b d2 41
0x00007ffcc817e0b4:   3b d0 7c 47 41 8d 80 c0 02 00 00 3b d0 7d 3c 44
0x00007ffcc817e0c4:   8b ca 45 2b c8 41 8b c1 83 e0 3f 0f b6 d0 41 8b
0x00007ffcc817e0d4:   c1 48 c1 e8 06 48 8b 44 c1 38 48 0f a3 d0 73 1b
0x00007ffcc817e0e4:   0f b7 81 9c 00 00 00 83 f8 01 74 0c 8d 48 ff 8b
0x00007ffcc817e0f4:   c1 41 23 c2 3b c1 75 03 b0 01 c3 32 c0 c3 cc cc
0x00007ffcc817e104:   cc cc cc cc cc cc cc cc cc cc cc cc 40 57 41 57 


Stack slot to memory mapping:
stack at sp + 0 slots: 0x00007ffcc86605e3 jvm.dll
stack at sp + 1 slots: 0x00000000000de310 is an unknown value
stack at sp + 2 slots: 0x0000000000000002 is an unknown value
stack at sp + 3 slots: 0x0000000000001433 is an unknown value
stack at sp + 4 slots: 0x0000014e18db8640 points into unknown readable memory: 0x00007ffcc88d81f0 | f0 81 8d c8 fc 7f 00 00
stack at sp + 5 slots: 0x0000014e1c4d4d70 points into unknown readable memory: 0x0000014e164bf1f0 | f0 f1 4b 16 4e 01 00 00
stack at sp + 6 slots: 0x0000014e1c4d3820 points into unknown readable memory: 0x0000014e164bf1f0 | f0 f1 4b 16 4e 01 00 00
stack at sp + 7 slots: 0x0000000000000001 is an unknown value


---------------  P R O C E S S  ---------------

Threads class SMR info:
_java_thread_list=0x0000014e156f30c0, length=24, elements={
0x0000014e7acb2720, 0x0000014e7fea4610, 0x0000014e7fe89d60, 0x0000014e7feccc70,
0x0000014e7fecd530, 0x0000014e7fecfef0, 0x0000014e7fed08a0, 0x0000014e7fed1630,
0x0000014e7fed20d0, 0x0000014e7fefe0f0, 0x0000014e7ad7a2f0, 0x0000014e13300990,
0x0000014e1384b4e0, 0x0000014e1384b9b0, 0x0000014e13956e00, 0x0000014e1349d620,
0x0000014e13361140, 0x0000014e153674d0, 0x0000014e15365cc0, 0x0000014e15366b30,
0x0000014e15365320, 0x0000014e15363fe0, 0x0000014e15366660, 0x0000014e13abc040
}

Java Threads: ( => current thread )
  0x0000014e7acb2720 JavaThread "main" [_thread_blocked, id=2696, stack(0x0000001b5b900000,0x0000001b5ba00000)]
  0x0000014e7fea4610 JavaThread "Reference Handler" daemon [_thread_blocked, id=9724, stack(0x0000001b5c000000,0x0000001b5c100000)]
  0x0000014e7fe89d60 JavaThread "Finalizer" daemon [_thread_blocked, id=9668, stack(0x0000001b5c100000,0x0000001b5c200000)]
  0x0000014e7feccc70 JavaThread "Signal Dispatcher" daemon [_thread_blocked, id=14228, stack(0x0000001b5c200000,0x0000001b5c300000)]
  0x0000014e7fecd530 JavaThread "Attach Listener" daemon [_thread_blocked, id=2616, stack(0x0000001b5c300000,0x0000001b5c400000)]
  0x0000014e7fecfef0 JavaThread "Service Thread" daemon [_thread_blocked, id=7568, stack(0x0000001b5c400000,0x0000001b5c500000)]
  0x0000014e7fed08a0 JavaThread "Monitor Deflation Thread" daemon [_thread_blocked, id=11548, stack(0x0000001b5c500000,0x0000001b5c600000)]
  0x0000014e7fed1630 JavaThread "C2 CompilerThread0" daemon [_thread_in_native, id=9016, stack(0x0000001b5c600000,0x0000001b5c700000)]
  0x0000014e7fed20d0 JavaThread "C1 CompilerThread0" daemon [_thread_blocked, id=9652, stack(0x0000001b5c700000,0x0000001b5c800000)]
  0x0000014e7fefe0f0 JavaThread "Sweeper thread" daemon [_thread_blocked, id=8400, stack(0x0000001b5c800000,0x0000001b5c900000)]
  0x0000014e7ad7a2f0 JavaThread "Common-Cleaner" daemon [_thread_blocked, id=10728, stack(0x0000001b5c900000,0x0000001b5ca00000)]
  0x0000014e13300990 JavaThread "Notification Thread" daemon [_thread_blocked, id=13020, stack(0x0000001b5ca00000,0x0000001b5cb00000)]
  0x0000014e1384b4e0 JavaThread "RMI TCP Accept-0" daemon [_thread_in_native, id=5232, stack(0x0000001b5cb00000,0x0000001b5cc00000)]
  0x0000014e1384b9b0 JavaThread "RMI TCP Accept-53985" daemon [_thread_in_native, id=8948, stack(0x0000001b5cc00000,0x0000001b5cd00000)]
  0x0000014e13956e00 JavaThread "RMI TCP Accept-0" daemon [_thread_in_native, id=11396, stack(0x0000001b5cd00000,0x0000001b5ce00000)]
  0x0000014e1349d620 JavaThread "Thread-0" [_thread_blocked, id=7640, stack(0x0000001b5d400000,0x0000001b5d500000)]
  0x0000014e13361140 JavaThread "restartedMain" [_thread_in_vm, id=8052, stack(0x0000001b5d500000,0x0000001b5d600000)]
  0x0000014e153674d0 JavaThread "Catalina-utility-1" [_thread_blocked, id=13148, stack(0x0000001b5d600000,0x0000001b5d700000)]
  0x0000014e15365cc0 JavaThread "Catalina-utility-2" [_thread_blocked, id=12440, stack(0x0000001b5d700000,0x0000001b5d800000)]
  0x0000014e15366b30 JavaThread "container-0" [_thread_blocked, id=3424, stack(0x0000001b5d800000,0x0000001b5d900000)]
  0x0000014e15365320 JavaThread "mysql-cj-abandoned-connection-cleanup" daemon [_thread_blocked, id=12164, stack(0x0000001b5d900000,0x0000001b5da00000)]
  0x0000014e15363fe0 JavaThread "HikariPool-1 housekeeper" daemon [_thread_blocked, id=9564, stack(0x0000001b5db00000,0x0000001b5dc00000)]
  0x0000014e15366660 JavaThread "HikariPool-1 connection adder" daemon [_thread_blocked, id=11120, stack(0x0000001b5dc00000,0x0000001b5dd00000)]
=>0x0000014e13abc040 JavaThread "C2 CompilerThread1" daemon [_thread_in_native, id=9968, stack(0x0000001b5da00000,0x0000001b5db00000)]

Other Threads:
  0x0000014e7fe7fbf0 VMThread "VM Thread" [stack: 0x0000001b5bf00000,0x0000001b5c000000] [id=12100]
  0x0000014e7acb36d0 WatcherThread [stack: 0x0000001b5ce00000,0x0000001b5cf00000] [id=5008]
  0x0000014e7ad063b0 GCTaskThread "GC Thread#0" [stack: 0x0000001b5ba00000,0x0000001b5bb00000] [id=6092]
  0x0000014e13abc570 GCTaskThread "GC Thread#1" [stack: 0x0000001b5d000000,0x0000001b5d100000] [id=4368]
  0x0000014e13ae9710 GCTaskThread "GC Thread#2" [stack: 0x0000001b5d100000,0x0000001b5d200000] [id=13868]
  0x0000014e13ae99c0 GCTaskThread "GC Thread#3" [stack: 0x0000001b5d200000,0x0000001b5d300000] [id=10344]
  0x0000014e7ad13f80 ConcurrentGCThread "G1 Main Marker" [stack: 0x0000001b5bb00000,0x0000001b5bc00000] [id=6468]
  0x0000014e7ad14990 ConcurrentGCThread "G1 Conc#0" [stack: 0x0000001b5bc00000,0x0000001b5bd00000] [id=10280]
  0x0000014e7ad648e0 ConcurrentGCThread "G1 Refine#0" [stack: 0x0000001b5bd00000,0x0000001b5be00000] [id=5276]
  0x0000014e13abc820 ConcurrentGCThread "G1 Refine#1" [stack: 0x0000001b5d300000,0x0000001b5d400000] [id=5704]
  0x0000014e7ad65300 ConcurrentGCThread "G1 Service" [stack: 0x0000001b5be00000,0x0000001b5bf00000] [id=14104]

Threads with active compile tasks:
C2 CompilerThread0    19951 5158       4       org.springframework.core.annotation.TypeMappedAnnotations::get (52 bytes)
C2 CompilerThread1    19951 5061   !   4       org.springframework.core.annotation.AnnotationsScanner::processMethodHierarchy (276 bytes)

VM state: not at safepoint (normal execution)

VM Mutex/Monitor currently owned by a thread: None

Heap address: 0x00000000a1c00000, size: 1508 MB, Compressed Oops mode: 32-bit

CDS archive(s) not mapped
Compressed class space mapped at: 0x0000000100000000-0x0000000140000000, reserved size: 1073741824
Narrow klass base: 0x0000000000000000, Narrow klass shift: 3, Narrow klass range: 0x140000000

GC Precious Log:
 CPUs: 4 total, 4 available
 Memory: 6024M
 Large Page Support: Disabled
 NUMA Support: Disabled
 Compressed Oops: Enabled (32-bit)
 Heap Region Size: 1M
 Heap Min Capacity: 8M
 Heap Initial Capacity: 96M
 Heap Max Capacity: 1508M
 Pre-touch: Disabled
 Parallel Workers: 4
 Concurrent Workers: 1
 Concurrent Refinement Workers: 4
 Periodic GC: Disabled

Heap:
 garbage-first heap   total 46080K, used 28926K [0x00000000a1c00000, 0x0000000100000000)
  region size 1024K, 6 young (6144K), 1 survivors (1024K)
 Metaspace       used 64287K, committed 64704K, reserved 1105920K
  class space    used 8537K, committed 8704K, reserved 1048576K

Heap Regions: E=young(eden), S=young(survivor), O=old, HS=humongous(starts), HC=humongous(continues), CS=collection set, F=free, OA=open archive, CA=closed archive, TAMS=top-at-mark-start (previous, next)
|   0|0x00000000a1c00000, 0x00000000a1d00000, 0x00000000a1d00000|100%|HS|  |TAMS 0x00000000a1d00000, 0x00000000a1c00000| Complete 
|   1|0x00000000a1d00000, 0x00000000a1e00000, 0x00000000a1e00000|100%| O|  |TAMS 0x00000000a1e00000, 0x00000000a1d00000| Untracked 
|   2|0x00000000a1e00000, 0x00000000a1f00000, 0x00000000a1f00000|100%| O|  |TAMS 0x00000000a1f00000, 0x00000000a1e00000| Untracked 
|   3|0x00000000a1f00000, 0x00000000a2000000, 0x00000000a2000000|100%| O|  |TAMS 0x00000000a2000000, 0x00000000a1f00000| Untracked 
|   4|0x00000000a2000000, 0x00000000a2100000, 0x00000000a2100000|100%| O|  |TAMS 0x00000000a2100000, 0x00000000a2000000| Untracked 
|   5|0x00000000a2100000, 0x00000000a2200000, 0x00000000a2200000|100%| O|  |TAMS 0x00000000a2200000, 0x00000000a2100000| Untracked 
|   6|0x00000000a2200000, 0x00000000a2300000, 0x00000000a2300000|100%| O|  |TAMS 0x00000000a2300000, 0x00000000a2200000| Untracked 
|   7|0x00000000a2300000, 0x00000000a2400000, 0x00000000a2400000|100%| O|  |TAMS 0x00000000a2400000, 0x00000000a2300000| Untracked 
|   8|0x00000000a2400000, 0x00000000a2500000, 0x00000000a2500000|100%| O|  |TAMS 0x00000000a2500000, 0x00000000a2400000| Untracked 
|   9|0x00000000a2500000, 0x00000000a2600000, 0x00000000a2600000|100%| O|  |TAMS 0x00000000a2600000, 0x00000000a2500000| Untracked 
|  10|0x00000000a2600000, 0x00000000a2700000, 0x00000000a2700000|100%| O|  |TAMS 0x00000000a2700000, 0x00000000a2600000| Untracked 
|  11|0x00000000a2700000, 0x00000000a2800000, 0x00000000a2800000|100%| O|  |TAMS 0x00000000a2800000, 0x00000000a2700000| Untracked 
|  12|0x00000000a2800000, 0x00000000a2900000, 0x00000000a2900000|100%| O|  |TAMS 0x00000000a2900000, 0x00000000a2800000| Untracked 
|  13|0x00000000a2900000, 0x00000000a2a00000, 0x00000000a2a00000|100%| O|  |TAMS 0x00000000a2a00000, 0x00000000a2900000| Untracked 
|  14|0x00000000a2a00000, 0x00000000a2b00000, 0x00000000a2b00000|100%| O|  |TAMS 0x00000000a2b00000, 0x00000000a2a00000| Untracked 
|  15|0x00000000a2b00000, 0x00000000a2c00000, 0x00000000a2c00000|100%| O|  |TAMS 0x00000000a2c00000, 0x00000000a2b00000| Untracked 
|  16|0x00000000a2c00000, 0x00000000a2d00000, 0x00000000a2d00000|100%| O|  |TAMS 0x00000000a2d00000, 0x00000000a2c00000| Untracked 
|  17|0x00000000a2d00000, 0x00000000a2e00000, 0x00000000a2e00000|100%| O|  |TAMS 0x00000000a2e00000, 0x00000000a2d00000| Untracked 
|  18|0x00000000a2e00000, 0x00000000a2f00000, 0x00000000a2f00000|100%| O|  |TAMS 0x00000000a2f00000, 0x00000000a2e00000| Untracked 
|  19|0x00000000a2f00000, 0x00000000a3000000, 0x00000000a3000000|100%| O|  |TAMS 0x00000000a3000000, 0x00000000a2f00000| Untracked 
|  20|0x00000000a3000000, 0x00000000a3100000, 0x00000000a3100000|100%| O|  |TAMS 0x00000000a3100000, 0x00000000a3000000| Untracked 
|  21|0x00000000a3100000, 0x00000000a3200000, 0x00000000a3200000|100%| O|  |TAMS 0x00000000a318c000, 0x00000000a3100000| Untracked 
|  22|0x00000000a3200000, 0x00000000a3300000, 0x00000000a3300000|100%| O|  |TAMS 0x00000000a3200000, 0x00000000a3200000| Untracked 
|  23|0x00000000a3300000, 0x00000000a333fa00, 0x00000000a3400000| 24%| O|  |TAMS 0x00000000a3300000, 0x00000000a3300000| Untracked 
|  24|0x00000000a3400000, 0x00000000a3400000, 0x00000000a3500000|  0%| F|  |TAMS 0x00000000a3400000, 0x00000000a3400000| Untracked 
|  25|0x00000000a3500000, 0x00000000a3500000, 0x00000000a3600000|  0%| F|  |TAMS 0x00000000a3500000, 0x00000000a3500000| Untracked 
|  26|0x00000000a3600000, 0x00000000a3600000, 0x00000000a3700000|  0%| F|  |TAMS 0x00000000a3600000, 0x00000000a3600000| Untracked 
|  27|0x00000000a3700000, 0x00000000a3700000, 0x00000000a3800000|  0%| F|  |TAMS 0x00000000a3700000, 0x00000000a3700000| Untracked 
|  28|0x00000000a3800000, 0x00000000a3800000, 0x00000000a3900000|  0%| F|  |TAMS 0x00000000a3800000, 0x00000000a3800000| Untracked 
|  29|0x00000000a3900000, 0x00000000a3900000, 0x00000000a3a00000|  0%| F|  |TAMS 0x00000000a3900000, 0x00000000a3900000| Untracked 
|  30|0x00000000a3a00000, 0x00000000a3a00000, 0x00000000a3b00000|  0%| F|  |TAMS 0x00000000a3a00000, 0x00000000a3a00000| Untracked 
|  31|0x00000000a3b00000, 0x00000000a3b00000, 0x00000000a3c00000|  0%| F|  |TAMS 0x00000000a3b00000, 0x00000000a3b00000| Untracked 
|  32|0x00000000a3c00000, 0x00000000a3d00000, 0x00000000a3d00000|100%| S|CS|TAMS 0x00000000a3c00000, 0x00000000a3c00000| Complete 
|  33|0x00000000a3d00000, 0x00000000a3d00000, 0x00000000a3e00000|  0%| F|  |TAMS 0x00000000a3d00000, 0x00000000a3d00000| Untracked 
|  34|0x00000000a3e00000, 0x00000000a3e00000, 0x00000000a3f00000|  0%| F|  |TAMS 0x00000000a3e00000, 0x00000000a3e00000| Untracked 
|  35|0x00000000a3f00000, 0x00000000a3f00000, 0x00000000a4000000|  0%| F|  |TAMS 0x00000000a3f00000, 0x00000000a3f00000| Untracked 
|  36|0x00000000a4000000, 0x00000000a4000000, 0x00000000a4100000|  0%| F|  |TAMS 0x00000000a4000000, 0x00000000a4000000| Untracked 
|  37|0x00000000a4100000, 0x00000000a4100000, 0x00000000a4200000|  0%| F|  |TAMS 0x00000000a4100000, 0x00000000a4100000| Untracked 
|  38|0x00000000a4200000, 0x00000000a4200000, 0x00000000a4300000|  0%| F|  |TAMS 0x00000000a4200000, 0x00000000a4200000| Untracked 
|  39|0x00000000a4300000, 0x00000000a4300000, 0x00000000a4400000|  0%| F|  |TAMS 0x00000000a4300000, 0x00000000a4300000| Untracked 
|  40|0x00000000a4400000, 0x00000000a44787e8, 0x00000000a4500000| 47%| E|  |TAMS 0x00000000a4400000, 0x00000000a4400000| Complete 
|  89|0x00000000a7500000, 0x00000000a7600000, 0x00000000a7600000|100%| E|CS|TAMS 0x00000000a7500000, 0x00000000a7500000| Complete 
|  90|0x00000000a7600000, 0x00000000a7700000, 0x00000000a7700000|100%| E|CS|TAMS 0x00000000a7600000, 0x00000000a7600000| Complete 
|  91|0x00000000a7700000, 0x00000000a7800000, 0x00000000a7800000|100%| E|CS|TAMS 0x00000000a7700000, 0x00000000a7700000| Complete 
|  95|0x00000000a7b00000, 0x00000000a7c00000, 0x00000000a7c00000|100%| E|CS|TAMS 0x00000000a7b00000, 0x00000000a7b00000| Complete 

Card table byte_map: [0x0000014e7dc40000,0x0000014e7df40000] _byte_map_base: 0x0000014e7d732000

Marking Bits (Prev, Next): (CMBitMap*) 0x0000014e7ad079d0, (CMBitMap*) 0x0000014e7ad07a10
 Prev Bits: [0x0000014e7e240000, 0x0000014e7f9d0000)
 Next Bits: [0x0000014e0f000000, 0x0000014e10790000)

Polling page: 0x0000014e78c90000

Metaspace:

Usage:
  Non-class:     54.44 MB used.
      Class:      8.34 MB used.
       Both:     62.78 MB used.

Virtual space:
  Non-class space:       56.00 MB reserved,      54.69 MB ( 98%) committed,  7 nodes.
      Class space:        1.00 GB reserved,       8.50 MB ( <1%) committed,  1 nodes.
             Both:        1.05 GB reserved,      63.19 MB (  6%) committed. 

Chunk freelists:
   Non-Class:  736.00 KB
       Class:  3.44 MB
        Both:  4.16 MB

MaxMetaspaceSize: unlimited
CompressedClassSpaceSize: 1.00 GB
Initial GC threshold: 21.00 MB
Current GC threshold: 105.00 MB
CDS: off
MetaspaceReclaimPolicy: balanced
 - commit_granule_bytes: 65536.
 - commit_granule_words: 8192.
 - virtual_space_node_default_size: 1048576.
 - enlarge_chunks_in_place: 1.
 - new_chunks_are_fully_committed: 0.
 - uncommit_free_chunks: 1.
 - use_allocation_guard: 0.
 - handle_deallocations: 1.


Internal statistics:

num_allocs_failed_limit: 6.
num_arena_births: 606.
num_arena_deaths: 0.
num_vsnodes_births: 8.
num_vsnodes_deaths: 0.
num_space_committed: 1011.
num_space_uncommitted: 0.
num_chunks_returned_to_freelist: 6.
num_chunks_taken_from_freelist: 2503.
num_chunk_merges: 6.
num_chunk_splits: 1813.
num_chunks_enlarged: 1425.
num_purges: 0.
num_inconsistent_stats: 0.

CodeHeap 'non-profiled nmethods': size=120000Kb used=2748Kb max_used=3060Kb free=117252Kb
 bounds [0x0000014e07ad0000, 0x0000014e07df0000, 0x0000014e0f000000]
CodeHeap 'profiled nmethods': size=120000Kb used=8672Kb max_used=10470Kb free=111327Kb
 bounds [0x0000014e005a0000, 0x0000014e00fe0000, 0x0000014e07ad0000]
CodeHeap 'non-nmethods': size=5760Kb used=1326Kb max_used=1388Kb free=4433Kb
 bounds [0x0000014e00000000, 0x0000014e00270000, 0x0000014e005a0000]
 total_blobs=5056 nmethods=4402 adapters=566
 compilation: enabled
              stopped_count=0, restarted_count=0
 full_count=0

Compilation events (20 events):
Event: 19.620 Thread 0x0000014e7fed20d0 5150       3       java.util.Collections::enumeration (9 bytes)
Event: 19.621 Thread 0x0000014e7fed20d0 nmethod 5150 0x0000014e0098eb90 code [0x0000014e0098ed40, 0x0000014e0098f0c8]
Event: 19.624 Thread 0x0000014e7fed20d0 5151       1       org.springframework.beans.factory.support.AbstractBeanFactory::getConversionService (5 bytes)
Event: 19.624 Thread 0x0000014e7fed20d0 nmethod 5151 0x0000014e07b0f890 code [0x0000014e07b0fa20, 0x0000014e07b0faf8]
Event: 19.635 Thread 0x0000014e7fed20d0 5152       3       org.springframework.core.annotation.AnnotationUtils::isCandidateClass (41 bytes)
Event: 19.637 Thread 0x0000014e7fed20d0 nmethod 5152 0x0000014e007b4110 code [0x0000014e007b4380, 0x0000014e007b4e48]
Event: 19.639 Thread 0x0000014e7fed20d0 5153       1       org.springframework.beans.PropertyEditorRegistrySupport::setConversionService (6 bytes)
Event: 19.640 Thread 0x0000014e7fed20d0 nmethod 5153 0x0000014e07b0f390 code [0x0000014e07b0f520, 0x0000014e07b0f638]
Event: 19.674 Thread 0x0000014e7fed20d0 5154   !   3       org.springframework.core.type.filter.AbstractTypeHierarchyTraversingFilter::match (253 bytes)
Event: 19.677 Thread 0x0000014e7fed20d0 nmethod 5154 0x0000014e00b02190 code [0x0000014e00b02500, 0x0000014e00b03c88]
Event: 19.697 Thread 0x0000014e7fed20d0 5155       3       org.springframework.beans.factory.support.DefaultListableBeanFactory::findAnnotationOnBean (174 bytes)
Event: 19.700 Thread 0x0000014e7fed20d0 nmethod 5155 0x0000014e00d75710 code [0x0000014e00d75a80, 0x0000014e00d771a8]
Event: 19.704 Thread 0x0000014e7fed20d0 5156       3       org.springframework.beans.factory.support.DefaultListableBeanFactory::findAnnotationOnBean (8 bytes)
Event: 19.704 Thread 0x0000014e7fed20d0 nmethod 5156 0x0000014e00880c90 code [0x0000014e00880e40, 0x0000014e00880f88]
Event: 19.716 Thread 0x0000014e7fed20d0 5157       3       org.springframework.core.convert.support.GenericConversionService$ConverterCacheKey::hashCode (19 bytes)
Event: 19.716 Thread 0x0000014e7fed20d0 nmethod 5157 0x0000014e0067ae90 code [0x0000014e0067b060, 0x0000014e0067b5d8]
Event: 19.726 Thread 0x0000014e7fed20d0 5159       3       com.fasterxml.jackson.databind.module.SimpleModule::_checkNotNull (26 bytes)
Event: 19.728 Thread 0x0000014e7fed20d0 nmethod 5159 0x0000014e007d6d10 code [0x0000014e007d6f80, 0x0000014e007d7a98]
Event: 19.728 Thread 0x0000014e7fed20d0 5160       1       com.fasterxml.jackson.databind.type.ClassKey::hashCode (5 bytes)
Event: 19.728 Thread 0x0000014e7fed20d0 nmethod 5160 0x0000014e07b47a90 code [0x0000014e07b47c20, 0x0000014e07b47cf8]

GC Heap History (20 events):
Event: 9.429 GC heap before
{Heap before GC invocations=11 (full 0):
 garbage-first heap   total 37888K, used 25628K [0x00000000a1c00000, 0x0000000100000000)
  region size 1024K, 13 young (13312K), 2 survivors (2048K)
 Metaspace       used 35805K, committed 36160K, reserved 1081344K
  class space    used 4402K, committed 4608K, reserved 1048576K
}
Event: 9.436 GC heap after
{Heap after GC invocations=12 (full 0):
 garbage-first heap   total 37888K, used 16725K [0x00000000a1c00000, 0x0000000100000000)
  region size 1024K, 2 young (2048K), 2 survivors (2048K)
 Metaspace       used 35805K, committed 36160K, reserved 1081344K
  class space    used 4402K, committed 4608K, reserved 1048576K
}
Event: 11.341 GC heap before
{Heap before GC invocations=13 (full 0):
 garbage-first heap   total 37888K, used 27989K [0x00000000a1c00000, 0x0000000100000000)
  region size 1024K, 13 young (13312K), 2 survivors (2048K)
 Metaspace       used 36980K, committed 37376K, reserved 1089536K
  class space    used 4569K, committed 4736K, reserved 1048576K
}
Event: 11.352 GC heap after
{Heap after GC invocations=14 (full 0):
 garbage-first heap   total 37888K, used 17637K [0x00000000a1c00000, 0x0000000100000000)
  region size 1024K, 1 young (1024K), 1 survivors (1024K)
 Metaspace       used 36980K, committed 37376K, reserved 1089536K
  class space    used 4569K, committed 4736K, reserved 1048576K
}
Event: 12.643 GC heap before
{Heap before GC invocations=14 (full 0):
 garbage-first heap   total 37888K, used 27877K [0x00000000a1c00000, 0x0000000100000000)
  region size 1024K, 12 young (12288K), 1 survivors (1024K)
 Metaspace       used 39943K, committed 40448K, reserved 1089536K
  class space    used 4999K, committed 5248K, reserved 1048576K
}
Event: 12.649 GC heap after
{Heap after GC invocations=15 (full 0):
 garbage-first heap   total 37888K, used 18148K [0x00000000a1c00000, 0x0000000100000000)
  region size 1024K, 2 young (2048K), 2 survivors (2048K)
 Metaspace       used 39943K, committed 40448K, reserved 1089536K
  class space    used 4999K, committed 5248K, reserved 1048576K
}
Event: 13.198 GC heap before
{Heap before GC invocations=16 (full 0):
 garbage-first heap   total 37888K, used 28388K [0x00000000a1c00000, 0x0000000100000000)
  region size 1024K, 12 young (12288K), 2 survivors (2048K)
 Metaspace       used 42634K, committed 43072K, reserved 1089536K
  class space    used 5432K, committed 5632K, reserved 1048576K
}
Event: 13.204 GC heap after
{Heap after GC invocations=17 (full 0):
 garbage-first heap   total 37888K, used 18699K [0x00000000a1c00000, 0x0000000100000000)
  region size 1024K, 2 young (2048K), 2 survivors (2048K)
 Metaspace       used 42634K, committed 43072K, reserved 1089536K
  class space    used 5432K, committed 5632K, reserved 1048576K
}
Event: 13.925 GC heap before
{Heap before GC invocations=17 (full 0):
 garbage-first heap   total 37888K, used 27915K [0x00000000a1c00000, 0x0000000100000000)
  region size 1024K, 12 young (12288K), 2 survivors (2048K)
 Metaspace       used 47822K, committed 48320K, reserved 1097728K
  class space    used 6067K, committed 6336K, reserved 1048576K
}
Event: 13.932 GC heap after
{Heap after GC invocations=18 (full 0):
 garbage-first heap   total 46080K, used 20205K [0x00000000a1c00000, 0x0000000100000000)
  region size 1024K, 2 young (2048K), 2 survivors (2048K)
 Metaspace       used 47822K, committed 48320K, reserved 1097728K
  class space    used 6067K, committed 6336K, reserved 1048576K
}
Event: 15.465 GC heap before
{Heap before GC invocations=19 (full 0):
 garbage-first heap   total 46080K, used 35565K [0x00000000a1c00000, 0x0000000100000000)
  region size 1024K, 17 young (17408K), 2 survivors (2048K)
 Metaspace       used 51946K, committed 52416K, reserved 1097728K
  class space    used 6608K, committed 6848K, reserved 1048576K
}
Event: 15.472 GC heap after
{Heap after GC invocations=20 (full 0):
 garbage-first heap   total 46080K, used 21343K [0x00000000a1c00000, 0x0000000100000000)
  region size 1024K, 3 young (3072K), 3 survivors (3072K)
 Metaspace       used 51946K, committed 52416K, reserved 1097728K
  class space    used 6608K, committed 6848K, reserved 1048576K
}
Event: 16.095 GC heap before
{Heap before GC invocations=20 (full 0):
 garbage-first heap   total 46080K, used 34655K [0x00000000a1c00000, 0x0000000100000000)
  region size 1024K, 16 young (16384K), 3 survivors (3072K)
 Metaspace       used 56433K, committed 56896K, reserved 1105920K
  class space    used 7272K, committed 7488K, reserved 1048576K
}
Event: 16.104 GC heap after
{Heap after GC invocations=21 (full 0):
 garbage-first heap   total 46080K, used 22201K [0x00000000a1c00000, 0x0000000100000000)
  region size 1024K, 1 young (1024K), 1 survivors (1024K)
 Metaspace       used 56433K, committed 56896K, reserved 1105920K
  class space    used 7272K, committed 7488K, reserved 1048576K
}
Event: 16.902 GC heap before
{Heap before GC invocations=21 (full 0):
 garbage-first heap   total 46080K, used 36537K [0x00000000a1c00000, 0x0000000100000000)
  region size 1024K, 15 young (15360K), 1 survivors (1024K)
 Metaspace       used 60133K, committed 60608K, reserved 1105920K
  class space    used 7922K, committed 8128K, reserved 1048576K
}
Event: 16.906 GC heap after
{Heap after GC invocations=22 (full 0):
 garbage-first heap   total 46080K, used 22720K [0x00000000a1c00000, 0x0000000100000000)
  region size 1024K, 2 young (2048K), 2 survivors (2048K)
 Metaspace       used 60133K, committed 60608K, reserved 1105920K
  class space    used 7922K, committed 8128K, reserved 1048576K
}
Event: 18.307 GC heap before
{Heap before GC invocations=23 (full 0):
 garbage-first heap   total 46080K, used 35008K [0x00000000a1c00000, 0x0000000100000000)
  region size 1024K, 15 young (15360K), 2 survivors (2048K)
 Metaspace       used 62790K, committed 63232K, reserved 1105920K
  class space    used 8294K, committed 8512K, reserved 1048576K
}
Event: 18.316 GC heap after
{Heap after GC invocations=24 (full 0):
 garbage-first heap   total 46080K, used 23861K [0x00000000a1c00000, 0x0000000100000000)
  region size 1024K, 2 young (2048K), 2 survivors (2048K)
 Metaspace       used 62790K, committed 63232K, reserved 1105920K
  class space    used 8294K, committed 8512K, reserved 1048576K
}
Event: 19.551 GC heap before
{Heap before GC invocations=24 (full 0):
 garbage-first heap   total 46080K, used 36149K [0x00000000a1c00000, 0x0000000100000000)
  region size 1024K, 14 young (14336K), 2 survivors (2048K)
 Metaspace       used 63965K, committed 64448K, reserved 1105920K
  class space    used 8482K, committed 8704K, reserved 1048576K
}
Event: 19.560 GC heap after
{Heap after GC invocations=25 (full 0):
 garbage-first heap   total 46080K, used 24830K [0x00000000a1c00000, 0x0000000100000000)
  region size 1024K, 1 young (1024K), 1 survivors (1024K)
 Metaspace       used 63965K, committed 64448K, reserved 1105920K
  class space    used 8482K, committed 8704K, reserved 1048576K
}

Dll operation events (9 events):
Event: 0.019 Loaded shared library C:\Users\devri\.vscode\extensions\redhat.java-1.13.0-win32-x64\jre\17.0.5-win32-x86_64\bin\java.dll
Event: 0.453 Loaded shared library C:\Users\devri\.vscode\extensions\redhat.java-1.13.0-win32-x64\jre\17.0.5-win32-x86_64\bin\jimage.dll
Event: 0.478 Loaded shared library C:\Users\devri\.vscode\extensions\redhat.java-1.13.0-win32-x64\jre\17.0.5-win32-x86_64\bin\net.dll
Event: 0.482 Loaded shared library C:\Users\devri\.vscode\extensions\redhat.java-1.13.0-win32-x64\jre\17.0.5-win32-x86_64\bin\nio.dll
Event: 0.489 Loaded shared library C:\Users\devri\.vscode\extensions\redhat.java-1.13.0-win32-x64\jre\17.0.5-win32-x86_64\bin\zip.dll
Event: 0.637 Loaded shared library C:\Users\devri\.vscode\extensions\redhat.java-1.13.0-win32-x64\jre\17.0.5-win32-x86_64\bin\management.dll
Event: 0.661 Loaded shared library C:\Users\devri\.vscode\extensions\redhat.java-1.13.0-win32-x64\jre\17.0.5-win32-x86_64\bin\management_ext.dll
Event: 3.379 Loaded shared library C:\Users\devri\.vscode\extensions\redhat.java-1.13.0-win32-x64\jre\17.0.5-win32-x86_64\bin\verify.dll
Event: 9.069 Loaded shared library C:\Users\devri\.vscode\extensions\redhat.java-1.13.0-win32-x64\jre\17.0.5-win32-x86_64\bin\sunmscapi.dll

Deoptimization events (20 events):
Event: 18.419 Thread 0x0000014e13361140 Uncommon trap: trap_request=0xffffffde fr.pc=0x0000014e07c7ea7c relative=0x00000000000001dc
Event: 18.419 Thread 0x0000014e13361140 Uncommon trap: reason=class_check action=maybe_recompile pc=0x0000014e07c7ea7c method=org.springframework.util.ConcurrentReferenceHashMap$Segment.findInChain(Lorg/springframework/util/ConcurrentReferenceHashMap$Reference;Ljava/lang/Object;I)Lorg/springfra
Event: 18.419 Thread 0x0000014e13361140 DEOPT PACKING pc=0x0000014e07c7ea7c sp=0x0000001b5d5fc090
Event: 18.419 Thread 0x0000014e13361140 DEOPT UNPACKING pc=0x0000014e000523a3 sp=0x0000001b5d5fc038 mode 2
Event: 18.654 Thread 0x0000014e13361140 Uncommon trap: trap_request=0xffffffc6 fr.pc=0x0000014e07be2360 relative=0x0000000000002060
Event: 18.654 Thread 0x0000014e13361140 Uncommon trap: reason=bimorphic_or_optimized_type_check action=maybe_recompile pc=0x0000014e07be2360 method=java.util.HashMap.putVal(ILjava/lang/Object;Ljava/lang/Object;ZZ)Ljava/lang/Object; @ 203 c2
Event: 18.654 Thread 0x0000014e13361140 DEOPT PACKING pc=0x0000014e07be2360 sp=0x0000001b5d5fc3d0
Event: 18.654 Thread 0x0000014e13361140 DEOPT UNPACKING pc=0x0000014e000523a3 sp=0x0000001b5d5fc298 mode 2
Event: 18.658 Thread 0x0000014e13361140 Uncommon trap: trap_request=0xffffffc6 fr.pc=0x0000014e07be2360 relative=0x0000000000002060
Event: 18.658 Thread 0x0000014e13361140 Uncommon trap: reason=bimorphic_or_optimized_type_check action=maybe_recompile pc=0x0000014e07be2360 method=java.util.HashMap.putVal(ILjava/lang/Object;Ljava/lang/Object;ZZ)Ljava/lang/Object; @ 203 c2
Event: 18.658 Thread 0x0000014e13361140 DEOPT PACKING pc=0x0000014e07be2360 sp=0x0000001b5d5fc3d0
Event: 18.658 Thread 0x0000014e13361140 DEOPT UNPACKING pc=0x0000014e000523a3 sp=0x0000001b5d5fc298 mode 2
Event: 19.049 Thread 0x0000014e13361140 Uncommon trap: trap_request=0xffffffc6 fr.pc=0x0000014e07c5e514 relative=0x00000000000002d4
Event: 19.049 Thread 0x0000014e13361140 Uncommon trap: reason=bimorphic_or_optimized_type_check action=maybe_recompile pc=0x0000014e07c5e514 method=java.util.Collections$SetFromMap.contains(Ljava/lang/Object;)Z @ 5 c2
Event: 19.049 Thread 0x0000014e13361140 DEOPT PACKING pc=0x0000014e07c5e514 sp=0x0000001b5d5fb720
Event: 19.049 Thread 0x0000014e13361140 DEOPT UNPACKING pc=0x0000014e000523a3 sp=0x0000001b5d5fb6c8 mode 2
Event: 19.050 Thread 0x0000014e13361140 Uncommon trap: trap_request=0xffffff45 fr.pc=0x0000014e07c4c9a0 relative=0x0000000000000bc0
Event: 19.050 Thread 0x0000014e13361140 Uncommon trap: reason=unstable_if action=reinterpret pc=0x0000014e07c4c9a0 method=sun.reflect.annotation.AnnotationInvocationHandler.invoke(Ljava/lang/Object;Ljava/lang/reflect/Method;[Ljava/lang/Object;)Ljava/lang/Object; @ 76 c2
Event: 19.050 Thread 0x0000014e13361140 DEOPT PACKING pc=0x0000014e07c4c9a0 sp=0x0000001b5d5fb490
Event: 19.051 Thread 0x0000014e13361140 DEOPT UNPACKING pc=0x0000014e000523a3 sp=0x0000001b5d5fb450 mode 2

Classes unloaded (0 events):
No events

Classes redefined (0 events):
No events

Internal exceptions (20 events):
Event: 11.245 Thread 0x0000014e13361140 Implicit null exception at 0x0000014e07cc9ada to 0x0000014e07ccb62c
Event: 11.439 Thread 0x0000014e13361140 Implicit null exception at 0x0000014e07c2aa07 to 0x0000014e07c2ad2c
Event: 13.597 Thread 0x0000014e13361140 Exception <a 'sun/nio/fs/WindowsException'{0x00000000a39e7910}> (0x00000000a39e7910) 
thrown [s\src\hotspot\share\prims\jni.cpp, line 516]
Event: 13.620 Thread 0x0000014e13361140 Exception <a 'java/lang/NoSuchMethodError'{0x00000000a3808d20}: 'int java.lang.invoke.DirectMethodHandle$Holder.invokeStaticInit(java.lang.Object, java.lang.Object, java.lang.Object, java.lang.Object)'> (0x00000000a3808d20) 
thrown [s\src\hotspot\share\interpreter\linkResolver.cpp, line 759]
Event: 13.916 Thread 0x0000014e13361140 Implicit null exception at 0x0000014e07b54e68 to 0x0000014e07b54fe8
Event: 14.972 Thread 0x0000014e13361140 Exception <a 'java/lang/NoSuchMethodError'{0x00000000a41ce310}: 'java.lang.Object java.lang.invoke.DirectMethodHandle$Holder.invokeStaticInit(java.lang.Object, java.lang.Object, java.lang.Object, java.lang.Object)'> (0x00000000a41ce310) 
thrown [s\src\hotspot\share\interpreter\linkResolver.cpp, line 759]
Event: 15.429 Thread 0x0000014e13361140 Exception <a 'java/lang/NoSuchMethodError'{0x00000000a3a10ec0}: 'java.lang.Object java.lang.invoke.DirectMethodHandle$Holder.newInvokeSpecial(java.lang.Object, java.lang.Object, java.lang.Object, int)'> (0x00000000a3a10ec0) 
thrown [s\src\hotspot\share\interpreter\linkResolver.cpp, line 759]
Event: 15.429 Thread 0x0000014e13361140 Exception <a 'java/lang/NoSuchMethodError'{0x00000000a3a151a8}: 'java.lang.Object java.lang.invoke.DirectMethodHandle$Holder.invokeSpecial(java.lang.Object, java.lang.Object, java.lang.Object, java.lang.Object, int)'> (0x00000000a3a151a8) 
thrown [s\src\hotspot\share\interpreter\linkResolver.cpp, line 759]
Event: 15.430 Thread 0x0000014e13361140 Exception <a 'java/lang/NoSuchMethodError'{0x00000000a3a18d70}: 'java.lang.Object java.lang.invoke.Invokers$Holder.linkToTargetMethod(java.lang.Object, java.lang.Object, int, java.lang.Object)'> (0x00000000a3a18d70) 
thrown [s\src\hotspot\share\interpreter\linkResolver.cpp, line 759]
Event: 15.963 Thread 0x0000014e13361140 Exception <a 'java/lang/NoSuchMethodError'{0x00000000a3e3a9f0}: 'java.lang.Object java.lang.invoke.DirectMethodHandle$Holder.invokeStatic(java.lang.Object, java.lang.Object, int, java.lang.Object)'> (0x00000000a3e3a9f0) 
thrown [s\src\hotspot\share\interpreter\linkResolver.cpp, line 759]
Event: 15.964 Thread 0x0000014e13361140 Exception <a 'java/lang/NoSuchMethodError'{0x00000000a3e3e6d8}: 'java.lang.Object java.lang.invoke.DirectMethodHandle$Holder.invokeStaticInit(java.lang.Object, java.lang.Object, int, java.lang.Object)'> (0x00000000a3e3e6d8) 
thrown [s\src\hotspot\share\interpreter\linkResolver.cpp, line 759]
Event: 16.006 Thread 0x0000014e13361140 Exception <a 'java/lang/IncompatibleClassChangeError'{0x00000000a3d692c0}: Found class java.lang.Object, but interface was expected> (0x00000000a3d692c0) 
thrown [s\src\hotspot\share\interpreter\linkResolver.cpp, line 826]
Event: 16.852 Thread 0x0000014e13361140 Exception <a 'java/lang/NoSuchMethodError'{0x00000000a3cde9d0}: 'java.lang.Object java.lang.invoke.DirectMethodHandle$Holder.newInvokeSpecial(java.lang.Object, java.lang.Object, java.lang.Object, java.lang.Object, java.lang.Object, java.lang.Object, java.lang.Object, int)'> (0x00000000a3cde9d0) 
thrown [s\src\hotspot\share\interpreter\linkResolver.cpp, line 759]
Event: 16.856 Thread 0x0000014e13361140 Exception <a 'java/lang/NoSuchMethodError'{0x00000000a3ce3a00}: 'java.lang.Object java.lang.invoke.DirectMethodHandle$Holder.invokeSpecial(java.lang.Object, java.lang.Object, java.lang.Object, java.lang.Object, java.lang.Object, java.lang.Object, java.lang.Object, java.lang.Object, int)'> (0x00000000a3ce3a00) 
thrown [s\src\hotspot\share\interpreter\linkResolver.cpp, line 759]
Event: 16.914 Thread 0x0000014e13361140 Exception <a 'java/lang/NoSuchMethodError'{0x00000000a7b22010}: 'void java.lang.invoke.DirectMethodHandle$Holder.invokeInterface(java.lang.Object, java.lang.Object)'> (0x00000000a7b22010) 
thrown [s\src\hotspot\share\interpreter\linkResolver.cpp, line 759]
Event: 16.995 Thread 0x0000014e13361140 Exception <a 'java/lang/NoSuchMethodError'{0x00000000a77b7f60}: 'java.lang.Object java.lang.invoke.DirectMethodHandle$Holder.newInvokeSpecial(java.lang.Object, java.lang.Object, java.lang.Object, java.lang.Object, java.lang.Object, java.lang.Object, java.lang.Object)'> (0x00000000a77b7f60) 
thrown [s\src\hotspot\share\interpreter\linkResolver.cpp, line 759]
Event: 17.661 Thread 0x0000014e13361140 Exception <a 'java/lang/IncompatibleClassChangeError'{0x00000000a4165480}: Found class java.lang.Object, but interface was expected> (0x00000000a4165480) 
thrown [s\src\hotspot\share\interpreter\linkResolver.cpp, line 826]
Event: 17.756 Thread 0x0000014e13361140 Exception <a 'java/lang/IncompatibleClassChangeError'{0x00000000a40c4290}: Found class java.lang.Object, but interface was expected> (0x00000000a40c4290) 
thrown [s\src\hotspot\share\interpreter\linkResolver.cpp, line 826]
Event: 18.541 Thread 0x0000014e13361140 Exception <a 'java/lang/IncompatibleClassChangeError'{0x00000000a76522b0}: Found class java.lang.Object, but interface was expected> (0x00000000a76522b0) 
thrown [s\src\hotspot\share\interpreter\linkResolver.cpp, line 826]
Event: 18.570 Thread 0x0000014e13361140 Exception <a 'java/lang/NoSuchMethodError'{0x00000000a76957e8}: 'void java.lang.invoke.DirectMethodHandle$Holder.invokeSpecial(java.lang.Object, java.lang.Object, java.lang.Object, java.lang.Object, java.lang.Object, java.lang.Object, java.lang.Object)'> (0x00000000a76957e8) 
thrown [s\src\hotspot\share\interpreter\linkResolver.cpp, line 759]

VM Operations (20 events):
Event: 18.306 Executing VM operation: G1CollectForAllocation
Event: 18.317 Executing VM operation: G1CollectForAllocation done
Event: 18.354 Executing VM operation: HandshakeAllThreads
Event: 18.355 Executing VM operation: HandshakeAllThreads done
Event: 18.875 Executing VM operation: HandshakeAllThreads
Event: 18.875 Executing VM operation: HandshakeAllThreads done
Event: 18.876 Executing VM operation: HandshakeAllThreads
Event: 18.876 Executing VM operation: HandshakeAllThreads done
Event: 19.357 Executing VM operation: HandshakeAllThreads
Event: 19.357 Executing VM operation: HandshakeAllThreads done
Event: 19.357 Executing VM operation: Cleanup
Event: 19.358 Executing VM operation: Cleanup done
Event: 19.533 Executing VM operation: HandshakeAllThreads
Event: 19.534 Executing VM operation: HandshakeAllThreads done
Event: 19.551 Executing VM operation: G1CollectForAllocation
Event: 19.560 Executing VM operation: G1CollectForAllocation done
Event: 19.657 Executing VM operation: G1Concurrent
Event: 19.678 Executing VM operation: G1Concurrent done
Event: 19.720 Executing VM operation: G1Concurrent
Event: 19.722 Executing VM operation: G1Concurrent done

Events (20 events):
Event: 17.334 loading class java/lang/SafeVarargs done
Event: 17.339 Thread 0x0000014e13abc040 Thread added: 0x0000014e13abc040
Event: 17.414 loading class sun/reflect/generics/reflectiveObjects/GenericArrayTypeImpl
Event: 17.414 loading class sun/reflect/generics/reflectiveObjects/GenericArrayTypeImpl done
Event: 18.562 loading class java/lang/Package$1PackageInfoProxy
Event: 18.562 loading class java/lang/Package$1PackageInfoProxy done
Event: 19.049 loading class java/time/DurationEditor
Event: 19.049 loading class java/time/DurationEditor done
Event: 19.054 loading class java/util/regex/Pattern$1
Event: 19.055 loading class java/util/regex/Pattern$1 done
Event: 19.356 loading class java/util/ArrayList$ListItr
Event: 19.357 loading class java/util/ArrayList$ListItr done
Event: 19.721 loading class java/util/EnumMap$EntrySet
Event: 19.721 loading class java/util/EnumMap$EntrySet done
Event: 19.721 loading class java/util/EnumMap$EntryIterator
Event: 19.721 loading class java/util/EnumMap$EnumMapIterator
Event: 19.721 loading class java/util/EnumMap$EnumMapIterator done
Event: 19.722 loading class java/util/EnumMap$EntryIterator done
Event: 19.751 loading class java/lang/reflect/MalformedParametersException
Event: 19.751 loading class java/lang/reflect/MalformedParametersException done


Dynamic libraries:
0x00007ff7edfc0000 - 0x00007ff7edfce000 	C:\Users\devri\.vscode\extensions\redhat.java-1.13.0-win32-x64\jre\17.0.5-win32-x86_64\bin\java.exe
0x00007ffcf90d0000 - 0x00007ffcf92c8000 	C:\WINDOWS\SYSTEM32\ntdll.dll
0x00007ffcf8dc0000 - 0x00007ffcf8e7f000 	C:\WINDOWS\System32\KERNEL32.DLL
0x00007ffcf6d80000 - 0x00007ffcf7052000 	C:\WINDOWS\System32\KERNELBASE.dll
0x00007ffcf6c80000 - 0x00007ffcf6d80000 	C:\WINDOWS\System32\ucrtbase.dll
0x00007ffce5e00000 - 0x00007ffce5e17000 	C:\Users\devri\.vscode\extensions\redhat.java-1.13.0-win32-x64\jre\17.0.5-win32-x86_64\bin\jli.dll
0x00007ffcf7220000 - 0x00007ffcf73c1000 	C:\WINDOWS\System32\USER32.dll
0x00007ffcf67c0000 - 0x00007ffcf67e2000 	C:\WINDOWS\System32\win32u.dll
0x00007ffcf7980000 - 0x00007ffcf79ab000 	C:\WINDOWS\System32\GDI32.dll
0x00007ffcf6a90000 - 0x00007ffcf6b9f000 	C:\WINDOWS\System32\gdi32full.dll
0x00007ffcf67f0000 - 0x00007ffcf688d000 	C:\WINDOWS\System32\msvcp_win.dll
0x00007ffceacb0000 - 0x00007ffceaf4a000 	C:\WINDOWS\WinSxS\amd64_microsoft.windows.common-controls_6595b64144ccf1df_6.0.19041.1110_none_60b5254171f9507e\COMCTL32.dll
0x00007ffcf7470000 - 0x00007ffcf750e000 	C:\WINDOWS\System32\msvcrt.dll
0x00007ffce2cb0000 - 0x00007ffce2cc9000 	C:\Users\devri\.vscode\extensions\redhat.java-1.13.0-win32-x64\jre\17.0.5-win32-x86_64\bin\VCRUNTIME140.dll
0x00007ffcf73d0000 - 0x00007ffcf7402000 	C:\WINDOWS\System32\IMM32.DLL
0x00007ffcef5c0000 - 0x00007ffcef5cc000 	C:\Users\devri\.vscode\extensions\redhat.java-1.13.0-win32-x64\jre\17.0.5-win32-x86_64\bin\vcruntime140_1.dll
0x00007ffccfc10000 - 0x00007ffccfca1000 	C:\Users\devri\.vscode\extensions\redhat.java-1.13.0-win32-x64\jre\17.0.5-win32-x86_64\bin\msvcp140.dll
0x00007ffcc7fc0000 - 0x00007ffcc8c04000 	C:\Users\devri\.vscode\extensions\redhat.java-1.13.0-win32-x64\jre\17.0.5-win32-x86_64\bin\server\jvm.dll
0x00007ffcf8f50000 - 0x00007ffcf8ffe000 	C:\WINDOWS\System32\ADVAPI32.dll
0x00007ffcf7ae0000 - 0x00007ffcf7b7c000 	C:\WINDOWS\System32\sechost.dll
0x00007ffcf7c20000 - 0x00007ffcf7d45000 	C:\WINDOWS\System32\RPCRT4.dll
0x00007ffce3aa0000 - 0x00007ffce3aa9000 	C:\WINDOWS\SYSTEM32\WSOCK32.dll
0x00007ffcf7a10000 - 0x00007ffcf7a7b000 	C:\WINDOWS\System32\WS2_32.dll
0x00007ffcf3e50000 - 0x00007ffcf3e77000 	C:\WINDOWS\SYSTEM32\WINMM.dll
0x00007ffce6040000 - 0x00007ffce604a000 	C:\WINDOWS\SYSTEM32\VERSION.dll
0x00007ffcf4fd0000 - 0x00007ffcf4fe2000 	C:\WINDOWS\SYSTEM32\kernel.appcore.dll
0x00007ffcef4c0000 - 0x00007ffcef4ca000 	C:\Users\devri\.vscode\extensions\redhat.java-1.13.0-win32-x64\jre\17.0.5-win32-x86_64\bin\jimage.dll
0x00007ffceea60000 - 0x00007ffceec44000 	C:\WINDOWS\SYSTEM32\DBGHELP.DLL
0x00007ffcee4c0000 - 0x00007ffcee4f5000 	C:\WINDOWS\SYSTEM32\dbgcore.DLL
0x00007ffcf6bf0000 - 0x00007ffcf6c72000 	C:\WINDOWS\System32\bcryptPrimitives.dll
0x00007ffcdc900000 - 0x00007ffcdc925000 	C:\Users\devri\.vscode\extensions\redhat.java-1.13.0-win32-x64\jre\17.0.5-win32-x86_64\bin\java.dll
0x00007ffce2580000 - 0x00007ffce2598000 	C:\Users\devri\.vscode\extensions\redhat.java-1.13.0-win32-x64\jre\17.0.5-win32-x86_64\bin\zip.dll
0x00007ffcf8670000 - 0x00007ffcf8db4000 	C:\WINDOWS\System32\SHELL32.dll
0x00007ffcf4750000 - 0x00007ffcf4ee2000 	C:\WINDOWS\SYSTEM32\windows.storage.dll
0x00007ffcf8040000 - 0x00007ffcf8395000 	C:\WINDOWS\System32\combase.dll
0x00007ffcf60d0000 - 0x00007ffcf6100000 	C:\WINDOWS\SYSTEM32\Wldp.dll
0x00007ffcf7170000 - 0x00007ffcf721d000 	C:\WINDOWS\System32\SHCORE.dll
0x00007ffcf7410000 - 0x00007ffcf7465000 	C:\WINDOWS\System32\shlwapi.dll
0x00007ffcf6700000 - 0x00007ffcf671f000 	C:\WINDOWS\SYSTEM32\profapi.dll
0x00007ffce2220000 - 0x00007ffce2239000 	C:\Users\devri\.vscode\extensions\redhat.java-1.13.0-win32-x64\jre\17.0.5-win32-x86_64\bin\net.dll
0x00007ffceb000000 - 0x00007ffceb10c000 	C:\WINDOWS\SYSTEM32\WINHTTP.dll
0x00007ffcf5e40000 - 0x00007ffcf5eaa000 	C:\WINDOWS\system32\mswsock.dll
0x00007ffce1cb0000 - 0x00007ffce1cc5000 	C:\Users\devri\.vscode\extensions\redhat.java-1.13.0-win32-x64\jre\17.0.5-win32-x86_64\bin\nio.dll
0x00007ffce94c0000 - 0x00007ffce94c9000 	C:\Users\devri\.vscode\extensions\redhat.java-1.13.0-win32-x64\jre\17.0.5-win32-x86_64\bin\management.dll
0x00007ffce8f40000 - 0x00007ffce8f4b000 	C:\Users\devri\.vscode\extensions\redhat.java-1.13.0-win32-x64\jre\17.0.5-win32-x86_64\bin\management_ext.dll
0x00007ffcf7f00000 - 0x00007ffcf7f08000 	C:\WINDOWS\System32\PSAPI.DLL
0x00007ffce70c0000 - 0x00007ffce70d7000 	C:\WINDOWS\system32\napinsp.dll
0x00007ffce70a0000 - 0x00007ffce70bb000 	C:\WINDOWS\system32\pnrpnsp.dll
0x00007ffcf1840000 - 0x00007ffcf1855000 	C:\WINDOWS\system32\wshbth.dll
0x00007ffcefad0000 - 0x00007ffcefaed000 	C:\WINDOWS\system32\NLAapi.dll
0x00007ffcf5b50000 - 0x00007ffcf5b8b000 	C:\WINDOWS\SYSTEM32\IPHLPAPI.DLL
0x00007ffcf5b90000 - 0x00007ffcf5c5a000 	C:\WINDOWS\SYSTEM32\DNSAPI.dll
0x00007ffcf7c10000 - 0x00007ffcf7c18000 	C:\WINDOWS\System32\NSI.dll
0x00007ffce70f0000 - 0x00007ffce7102000 	C:\WINDOWS\System32\winrnr.dll
0x00007ffce91c0000 - 0x00007ffce91ca000 	C:\Windows\System32\rasadhlp.dll
0x00007ffce9f10000 - 0x00007ffce9f90000 	C:\WINDOWS\System32\fwpuclnt.dll
0x00007ffcf6a60000 - 0x00007ffcf6a87000 	C:\WINDOWS\System32\bcrypt.dll
0x00007ffcf6410000 - 0x00007ffcf6428000 	C:\WINDOWS\SYSTEM32\CRYPTSP.dll
0x00007ffcf5780000 - 0x00007ffcf57b4000 	C:\WINDOWS\system32\rsaenh.dll
0x00007ffcf6680000 - 0x00007ffcf66ae000 	C:\WINDOWS\SYSTEM32\USERENV.dll
0x00007ffcf5fd0000 - 0x00007ffcf5fdc000 	C:\WINDOWS\SYSTEM32\CRYPTBASE.dll
0x00007ffceca60000 - 0x00007ffceca77000 	C:\WINDOWS\SYSTEM32\dhcpcsvc6.DLL
0x00007ffced770000 - 0x00007ffced78d000 	C:\WINDOWS\SYSTEM32\dhcpcsvc.DLL
0x00007ffce97d0000 - 0x00007ffce97e0000 	C:\Users\devri\.vscode\extensions\redhat.java-1.13.0-win32-x64\jre\17.0.5-win32-x86_64\bin\verify.dll
0x00007ffcefb30000 - 0x00007ffcefb3e000 	C:\Users\devri\.vscode\extensions\redhat.java-1.13.0-win32-x64\jre\17.0.5-win32-x86_64\bin\sunmscapi.dll
0x00007ffcf6890000 - 0x00007ffcf69e6000 	C:\WINDOWS\System32\CRYPT32.dll
0x00007ffcf6140000 - 0x00007ffcf6167000 	C:\WINDOWS\SYSTEM32\ncrypt.dll
0x00007ffcf6100000 - 0x00007ffcf613b000 	C:\WINDOWS\SYSTEM32\NTASN1.dll

dbghelp: loaded successfully - version: 4.0.5 - missing functions: none
symbol engine: initialized successfully - sym options: 0x614 - pdb path: .;C:\Users\devri\.vscode\extensions\redhat.java-1.13.0-win32-x64\jre\17.0.5-win32-x86_64\bin;C:\WINDOWS\SYSTEM32;C:\WINDOWS\WinSxS\amd64_microsoft.windows.common-controls_6595b64144ccf1df_6.0.19041.1110_none_60b5254171f9507e;C:\Users\devri\.vscode\extensions\redhat.java-1.13.0-win32-x64\jre\17.0.5-win32-x86_64\bin\server

VM Arguments:
jvm_args: -Dcom.sun.management.jmxremote -Dcom.sun.management.jmxremote.port=53985 -Dcom.sun.management.jmxremote.authenticate=false -Dcom.sun.management.jmxremote.ssl=false -Dspring.jmx.enabled=true -Djava.rmi.server.hostname=localhost -Dspring.application.admin.enabled=true -Dspring.boot.project.name=devblog -XX:+ShowCodeDetailsInExceptionMessages 
java_command: br.com.devblog.DevblogApplication
java_class_path (initial): C:\Users\devri\Desktop\devblog\devblog\target\classes;C:\Users\devri\.m2\repository\org\springframework\boot\spring-boot-starter-data-jpa\3.0.0\spring-boot-starter-data-jpa-3.0.0.jar;C:\Users\devri\.m2\repository\org\springframework\boot\spring-boot-starter-aop\3.0.0\spring-boot-starter-aop-3.0.0.jar;C:\Users\devri\.m2\repository\org\springframework\spring-aop\6.0.2\spring-aop-6.0.2.jar;C:\Users\devri\.m2\repository\org\aspectj\aspectjweaver\1.9.9.1\aspectjweaver-1.9.9.1.jar;C:\Users\devri\.m2\repository\org\springframework\boot\spring-boot-starter-jdbc\3.0.0\spring-boot-starter-jdbc-3.0.0.jar;C:\Users\devri\.m2\repository\com\zaxxer\HikariCP\5.0.1\HikariCP-5.0.1.jar;C:\Users\devri\.m2\repository\org\springframework\spring-jdbc\6.0.2\spring-jdbc-6.0.2.jar;C:\Users\devri\.m2\repository\org\hibernate\orm\hibernate-core\6.1.5.Final\hibernate-core-6.1.5.Final.jar;C:\Users\devri\.m2\repository\jakarta\persistence\jakarta.persistence-api\3.1.0\jakarta.persistence-api-3.1.0.jar;C:\Users\devri\.m2\repository\jakarta\transaction\jakarta.transaction-api\2.0.1\jakarta.transaction-api-2.0.1.jar;C:\Users\devri\.m2\repository\org\jboss\logging\jboss-logging\3.5.0.Final\jboss-logging-3.5.0.Final.jar;C:\Users\devri\.m2\repository\org\hibernate\common\hibernate-commons-annotations\6.0.2.Final\hibernate-commons-annotations-6.0.2.Final.jar;C:\Users\devri\.m2\repository\org\jboss\jandex\2.4.2.Final\jandex-2.4.2.Final.jar;C:\Users\devri\.m2\repository\com\fasterxml\classmate\1.5.1\classmate-1.5.1.jar;C:\Users\devri\.m2\repository\net\bytebuddy\byte-buddy\1.12.19\byte-buddy-1.12.19.jar;C:\Users\devri\.m2\repository\org\glassfish\jaxb\jaxb-runtime\4.0.1\jaxb-runtime-4.0.1.jar;C:\Users\devri\.m2\repository\org\glassfish\jaxb\jaxb-core\4.0.1\jaxb-core-4.0.1.jar;C:\Users\devri\.m2\repository\org\eclipse\angus\angus-activation\1.0.0\angus-activation-1.0.0.jar;C:\Users\devri\.m2\repository\org\glassfish\jaxb\txw2\4.0.1\txw2-4.0.1.jar;C:\Users\devri\.m2\repository\c
Launcher Type: SUN_STANDARD

[Global flags]
     intx CICompilerCount                          = 3                                         {product} {ergonomic}
     uint ConcGCThreads                            = 1                                         {product} {ergonomic}
     uint G1ConcRefinementThreads                  = 4                                         {product} {ergonomic}
   size_t G1HeapRegionSize                         = 1048576                                   {product} {ergonomic}
    uintx GCDrainStackTargetSize                   = 64                                        {product} {ergonomic}
   size_t InitialHeapSize                          = 100663296                                 {product} {ergonomic}
     bool ManagementServer                         = true                                      {product} {command line}
   size_t MarkStackSize                            = 4194304                                   {product} {ergonomic}
   size_t MaxHeapSize                              = 1581252608                                {product} {ergonomic}
   size_t MaxNewSize                               = 947912704                                 {product} {ergonomic}
   size_t MinHeapDeltaBytes                        = 1048576                                   {product} {ergonomic}
   size_t MinHeapSize                              = 8388608                                   {product} {ergonomic}
    uintx NonNMethodCodeHeapSize                   = 5832780                                {pd product} {ergonomic}
    uintx NonProfiledCodeHeapSize                  = 122912730                              {pd product} {ergonomic}
    uintx ProfiledCodeHeapSize                     = 122912730                              {pd product} {ergonomic}
    uintx ReservedCodeCacheSize                    = 251658240                              {pd product} {ergonomic}
     bool SegmentedCodeCache                       = true                                      {product} {ergonomic}
     bool ShowCodeDetailsInExceptionMessages       = true                                   {manageable} {command line}
   size_t SoftMaxHeapSize                          = 1581252608                             {manageable} {ergonomic}
     bool UseCompressedClassPointers               = true                           {product lp64_product} {ergonomic}
     bool UseCompressedOops                        = true                           {product lp64_product} {ergonomic}
     bool UseG1GC                                  = true                                      {product} {ergonomic}
     bool UseLargePagesIndividualAllocation        = false                                  {pd product} {ergonomic}

Logging:
Log output configuration:
 #0: stdout all=warning uptime,level,tags
 #1: stderr all=off uptime,level,tags

Environment Variables:
JAVA_HOME=C:\jdk-11.0.16.1
PATH=C:\Users\devri\bin;C:\Program Files\Git\mingw64\bin;C:\Program Files\Git\usr\local\bin;C:\Program Files\Git\usr\bin;C:\Program Files\Git\usr\bin;C:\Program Files\Git\mingw64\bin;C:\Program Files\Git\usr\bin;C:\Users\devri\bin;C:\WINDOWS\system32;C:\WINDOWS;C:\WINDOWS\System32\Wbem;C:\WINDOWS\System32\WindowsPowerShell\v1.0;C:\WINDOWS\System32\OpenSSH;C:\Program Files\nodejs;C:\Program Files\Git\cmd;C:\Program Files\MySQL\MySQL Shell 8.0\bin;C:\Users\devri\AppData\Local\Microsoft\WindowsApps;C:\Users\devri\AppData\Roaming\npm;C:\Users\devri\AppData\Local\Programs\Microsoft VS Code\bin;C:\apache-maven-3.8.6\bin;C:\jdk-11.0.16.1\bin;C:\Users\devri\AppData\Local\GitHubDesktop\bin;C:\Program Files\Git\usr\bin\vendor_perl;C:\Program Files\Git\usr\bin\core_perl
USERNAME=devri
SHELL=C:\Program Files\Git\usr\bin\bash.exe
DISPLAY=needs-to-be-defined
LANG=en_US.UTF-8
LC_CTYPE=pt_BR.UTF-8
TERM=xterm
TMPDIR=C:\Users\devri\AppData\Local\Temp
OS=Windows_NT
PROCESSOR_IDENTIFIER=Intel64 Family 6 Model 42 Stepping 7, GenuineIntel
TMP=C:\Users\devri\AppData\Local\Temp
TEMP=C:\Users\devri\AppData\Local\Temp



---------------  S Y S T E M  ---------------

OS:
 Windows 10 , 64 bit Build 19041 (10.0.19041.2364)
OS uptime: 2 days 3:47 hours
Hyper-V role detected

CPU: total 4 (initial active 4) (2 cores per cpu, 2 threads per core) family 6 model 42 stepping 7 microcode 0x2f, cx8, cmov, fxsr, ht, mmx, sse, sse2, sse3, ssse3, sse4.1, sse4.2, popcnt, tsc, tscinvbit, avx, aes, clmul, vzeroupper, clflush, hv

Memory: 4k page, system-wide physical 6024M (1329M free)
TotalPageFile size 10489M (AvailPageFile size 3097M)
current process WorkingSet (physical memory assigned to process): 249M, peak: 253M
current process commit charge ("private bytes"): 272M, peak: 276M

vm_info: OpenJDK 64-Bit Server VM (17.0.5+8) for windows-amd64 JRE (17.0.5+8), built on Oct 19 2022 04:48:13 by "temurin" with MS VC++ 16.7 (VS2019)

END.
